sample.interval=20000
"eval" "model.frame.default" "FUN" "lapply" "survfitJM.JMbayes" "survfitJM" "eval" "eval" "withVisible" "source" 
"[[" "[.data.frame" "[" "cbind" "transFun.extra" "log.posterior.b" "fn" "<Anonymous>" ".External2" "optim" "doTryCatch" "tryCatchOne" "tryCatchList" "tryCatch" "try" "survfitJM.JMbayes" "survfitJM" "eval" "eval" "withVisible" "source" 
"<Anonymous>" "[[.data.frame" "[[" "[.data.frame" "[" "cbind" "transFun.extra" "log.posterior.b" "fn" "<Anonymous>" ".External2" "optim" "doTryCatch" "tryCatchOne" "tryCatchList" "tryCatch" "try" "survfitJM.JMbayes" "survfitJM" "eval" "eval" "withVisible" "source" 
"as.matrix" "unname" "eigen" "dmvnorm" "densRE" "log.posterior.b" "fn" "<Anonymous>" ".External2" "optim" "doTryCatch" "tryCatchOne" "tryCatchList" "tryCatch" "try" "survfitJM.JMbayes" "survfitJM" "eval" "eval" "withVisible" "source" 
"dmvnorm" "densRE" "log.posterior.b" "survfitJM.JMbayes" "survfitJM" "eval" "eval" "withVisible" "source" 
"<Anonymous>" "[[.data.frame" "[[" "$.data.frame" "$" "cbind" "transFun.extra" "log.posterior.b" "survfitJM.JMbayes" "survfitJM" "eval" "eval" "withVisible" "source" 
"densLong" "log.posterior.b" "survfitJM.JMbayes" "survfitJM" "eval" "eval" "withVisible" "source" 
"S.b" "survfitJM.JMbayes" "survfitJM" "eval" "eval" "withVisible" "source" 
"%in%" "[[.data.frame" "[[" "[.data.frame" "[" "cbind" "transFun.extra" "log.posterior.b" "survfitJM.JMbayes" "survfitJM" "eval" "eval" "withVisible" "source" 
"==" "cbind" "transFun.extra" "S.b" "survfitJM.JMbayes" "survfitJM" "eval" "eval" "withVisible" "source" 
"match" "%in%" "[[.data.frame" "[[" "[.data.frame" "[" "cbind" "transFun.extra" "S.b" "survfitJM.JMbayes" "survfitJM" "eval" "eval" "withVisible" "source" 
"c" "match" "%in%" "S.b" "survfitJM.JMbayes" "survfitJM" "eval" "eval" "withVisible" "source" 
"is.na" "Ops.factor" "==" "cbind" "transFun.extra" "S.b" "survfitJM.JMbayes" "survfitJM" "eval" "eval" "withVisible" "source" 
"NextMethod" "[.factor" "[" "[.data.frame" "[" "cbind" "transFun.extra" "S.b" "survfitJM.JMbayes" "survfitJM" "eval" "eval" "withVisible" "source" 
"[.data.frame" "[" "cbind" "transFun.extra" "log.posterior.b" "survfitJM.JMbayes" "survfitJM" "eval" "eval" "withVisible" "source" 
"[" "[.data.frame" "[" "cbind" "transFun.extra" "S.b" "survfitJM.JMbayes" "survfitJM" "eval" "eval" "withVisible" "source" 
"match" "%in%" "[[.data.frame" "[[" "[.data.frame" "[" "cbind" "transFun.extra" "log.posterior.b" "survfitJM.JMbayes" "survfitJM" "eval" "eval" "withVisible" "source" 
"[.data.frame" "[" "cbind" "transFun.extra" "S.b" "survfitJM.JMbayes" "survfitJM" "eval" "eval" "withVisible" "source" 
"eigen" "dmvnorm" "densRE" "log.posterior.b" "survfitJM.JMbayes" "survfitJM" "eval" "eval" "withVisible" "source" 
"<Anonymous>" "[[.data.frame" "[[" "[.data.frame" "[" "cbind" "transFun.extra" "S.b" "survfitJM.JMbayes" "survfitJM" "eval" "eval" "withVisible" "source" 
"as.vector" "fastSumID" "S.b" "survfitJM.JMbayes" "survfitJM" "eval" "eval" "withVisible" "source" 
"+" "S.b" "survfitJM.JMbayes" "survfitJM" "eval" "eval" "withVisible" "source" 
"[.data.frame" "[" "cbind" "transFun.extra" "log.posterior.b" "survfitJM.JMbayes" "survfitJM" "eval" "eval" "withVisible" "source" 
"[[.data.frame" "[[" "[.data.frame" "[" "cbind" "transFun.extra" "S.b" "survfitJM.JMbayes" "survfitJM" "eval" "eval" "withVisible" "source" 
"match" "%in%" "log.posterior.b" "survfitJM.JMbayes" "survfitJM" "eval" "eval" "withVisible" "source" 
"match" "%in%" "S.b" "survfitJM.JMbayes" "survfitJM" "eval" "eval" "withVisible" "source" 
"[.data.frame" "[" "cbind" "transFun.extra" "S.b" "survfitJM.JMbayes" "survfitJM" "eval" "eval" "withVisible" "source" 
"match" "%in%" "S.b" "survfitJM.JMbayes" "survfitJM" "eval" "eval" "withVisible" "source" 
"anyDuplicated" "[.data.frame" "[" "cbind" "transFun.extra" "log.posterior.b" "survfitJM.JMbayes" "survfitJM" "eval" "eval" "withVisible" "source" 
"cbind" "transFun.extra" "log.posterior.b" "survfitJM.JMbayes" "survfitJM" "eval" "eval" "withVisible" "source" 
"rev" "eigen" "dmvnorm" "densRE" "log.posterior.b" "survfitJM.JMbayes" "survfitJM" "eval" "eval" "withVisible" "source" 
"cbind" "transFun.value" "S.b" "survfitJM.JMbayes" "survfitJM" "eval" "eval" "withVisible" "source" 
